<?xml version="1.0" encoding="UTF-8"?>
<testsuite name="ollendev.aoc.FuelCalculatorTest" tests="8" skipped="0" failures="0" errors="0" timestamp="2019-12-01T16:36:48" hostname="Chriss-MacBook-Pro.local" time="0.014">
  <properties/>
  <testcase name="mass of 14 needs 2" classname="ollendev.aoc.FuelCalculatorTest" time="0.001"/>
  <testcase name="module mass list of 12, 14, 1969, 100756 equals 51,316" classname="ollendev.aoc.FuelCalculatorTest" time="0.01"/>
  <testcase name="for 2 fuel with additional fuel mass is 2" classname="ollendev.aoc.FuelCalculatorTest" time="0.001"/>
  <testcase name="for 33583 fuel total fuel needs is 50346" classname="ollendev.aoc.FuelCalculatorTest" time="0.0"/>
  <testcase name="mass of 1969 needs 654" classname="ollendev.aoc.FuelCalculatorTest" time="0.0"/>
  <testcase name="for 654 fuel total fuel needs is 966" classname="ollendev.aoc.FuelCalculatorTest" time="0.0"/>
  <testcase name="mass of 12 needs 2" classname="ollendev.aoc.FuelCalculatorTest" time="0.0"/>
  <testcase name="mass of 100756 needs 33583" classname="ollendev.aoc.FuelCalculatorTest" time="0.001"/>
  <system-out><![CDATA[]]></system-out>
  <system-err><![CDATA[]]></system-err>
</testsuite>
